<?xml version="1.0" encoding="UTF-8"?>
<!-- Generated by org.testng.reporters.JUnitReportReporter -->
<testsuite hostname="DESKTOP-E92CH9C" failures="0" tests="1" name="smokeTests.ATagsTesting" time="21.472" errors="0" timestamp="2023-04-12T20:07:08 PST" skipped="0">
  <testcase classname="smokeTests.ATagsTesting" name="findTheelements" time="21.472"/>
  <system-out/>
</testsuite> <!-- smokeTests.ATagsTesting -->
