<?xml version="1.0" encoding="UTF-8"?>
<!-- Generated by org.testng.reporters.JUnitReportReporter -->
<testsuite hostname="DESKTOP-E92CH9C" failures="0" tests="1" name="smokeTests.scriptingWithTestNG" time="7.541" errors="0" timestamp="2023-04-12T19:42:57 PST" skipped="0">
  <testcase classname="smokeTests.scriptingWithTestNG" name="findTheelements" time="7.541"/>
  <system-out/>
</testsuite> <!-- smokeTests.scriptingWithTestNG -->
